<?xml version="1.0" encoding="UTF-8"?>
<testng-results ignored="0" total="1" passed="1" failed="0" skipped="0">
  <reporter-output>
  </reporter-output>
  <suite started-at="2024-02-11T15:07:36 BDT" name="Default suite" finished-at="2024-02-11T15:08:17 BDT" duration-ms="41214">
    <groups>
    </groups>
    <test started-at="2024-02-11T15:07:36 BDT" name="Default test" finished-at="2024-02-11T15:08:17 BDT" duration-ms="41214">
      <class name="fast.com.MobileAutomationBasic.AppTest">
        <test-method is-config="true" signature="setUp()[pri:0, instance:fast.com.MobileAutomationBasic.AppTest@6221a451]" started-at="2024-02-11T15:07:36 BDT" name="setUp" finished-at="2024-02-11T15:07:50 BDT" duration-ms="14448" status="PASS">
          <reporter-output>
          </reporter-output>
        </test-method> <!-- setUp -->
        <test-method signature="testGeneralStoreApk()[pri:0, instance:fast.com.MobileAutomationBasic.AppTest@6221a451]" started-at="2024-02-11T15:07:50 BDT" name="testGeneralStoreApk" finished-at="2024-02-11T15:08:13 BDT" duration-ms="22850" status="PASS">
          <reporter-output>
          </reporter-output>
        </test-method> <!-- testGeneralStoreApk -->
        <test-method is-config="true" signature="closeApp()[pri:0, instance:fast.com.MobileAutomationBasic.AppTest@6221a451]" started-at="2024-02-11T15:08:13 BDT" name="closeApp" finished-at="2024-02-11T15:08:17 BDT" duration-ms="3712" status="PASS">
          <reporter-output>
          </reporter-output>
        </test-method> <!-- closeApp -->
      </class> <!-- fast.com.MobileAutomationBasic.AppTest -->
    </test> <!-- Default test -->
  </suite> <!-- Default suite -->
</testng-results>
